<?xml version="1.0" encoding="UTF-8"?>
<testng-results ignored="0" total="2" passed="2" failed="0" skipped="0">
  <reporter-output>
  </reporter-output>
  <suite started-at="2024-08-03T02:58:28 IST" name="Default suite" finished-at="2024-08-03T02:58:39 IST" duration-ms="10524">
    <groups>
    </groups>
    <test started-at="2024-08-03T02:58:28 IST" name="Default test" finished-at="2024-08-03T02:58:39 IST" duration-ms="10524">
      <class name="VMO.assignments.Login">
        <test-method is-config="true" signature="setUp()[pri:0, instance:VMO.assignments.Login@a530d0a]" started-at="2024-08-03T02:58:28 IST" name="setUp" finished-at="2024-08-03T02:58:32 IST" duration-ms="3700" status="PASS">
          <reporter-output>
          </reporter-output>
        </test-method> <!-- setUp -->
        <test-method signature="abtestValidLogin()[pri:0, instance:VMO.assignments.Login@a530d0a]" started-at="2024-08-03T02:58:32 IST" name="abtestValidLogin" finished-at="2024-08-03T02:58:32 IST" duration-ms="535" status="PASS">
          <reporter-output>
          </reporter-output>
        </test-method> <!-- abtestValidLogin -->
        <test-method is-config="true" signature="tearDown()[pri:0, instance:VMO.assignments.Login@a530d0a]" started-at="2024-08-03T02:58:32 IST" name="tearDown" finished-at="2024-08-03T02:58:33 IST" duration-ms="241" status="PASS">
          <reporter-output>
          </reporter-output>
        </test-method> <!-- tearDown -->
        <test-method is-config="true" signature="setUp()[pri:0, instance:VMO.assignments.Login@a530d0a]" started-at="2024-08-03T02:58:33 IST" name="setUp" finished-at="2024-08-03T02:58:35 IST" duration-ms="2097" status="PASS">
          <reporter-output>
          </reporter-output>
        </test-method> <!-- setUp -->
        <test-method signature="amountisSorted()[pri:0, instance:VMO.assignments.Login@a530d0a]" started-at="2024-08-03T02:58:35 IST" name="amountisSorted" finished-at="2024-08-03T02:58:38 IST" duration-ms="3613" status="PASS">
          <reporter-output>
          </reporter-output>
        </test-method> <!-- amountisSorted -->
        <test-method is-config="true" signature="tearDown()[pri:0, instance:VMO.assignments.Login@a530d0a]" started-at="2024-08-03T02:58:38 IST" name="tearDown" finished-at="2024-08-03T02:58:39 IST" duration-ms="307" status="PASS">
          <reporter-output>
          </reporter-output>
        </test-method> <!-- tearDown -->
      </class> <!-- VMO.assignments.Login -->
    </test> <!-- Default test -->
  </suite> <!-- Default suite -->
</testng-results>
